Configuring enumerator-0.4.20...
Building enumerator-0.4.20...
Preprocessing library enumerator-0.4.20...
[ 1 of 10] Compiling Data.Enumerator.Util ( lib/Data/Enumerator/Util.hs, .stack-work/dist/x86_64-linux/Cabal-1.18.1.5/build/Data/Enumerator/Util.o )
[ 2 of 10] Compiling Data.Enumerator.Internal ( lib/Data/Enumerator/Internal.hs, .stack-work/dist/x86_64-linux/Cabal-1.18.1.5/build/Data/Enumerator/Internal.o )
[ 3 of 10] Compiling Data.Enumerator.List[boot] ( lib/Data/Enumerator/List.hs-boot, .stack-work/dist/x86_64-linux/Cabal-1.18.1.5/build/Data/Enumerator/List.o-boot )
[ 4 of 10] Compiling Data.Enumerator.Compatibility ( lib/Data/Enumerator/Compatibility.hs, .stack-work/dist/x86_64-linux/Cabal-1.18.1.5/build/Data/Enumerator/Compatibility.o )
[ 5 of 10] Compiling Data.Enumerator  ( lib/Data/Enumerator.hs, .stack-work/dist/x86_64-linux/Cabal-1.18.1.5/build/Data/Enumerator.o )

lib/Data/Enumerator.hs:63:11: Warning:
    ‘Iteratee’ is exported by ‘module Data.Enumerator.Internal’ and ‘Iteratee’

lib/Data/Enumerator.hs:63:11: Warning:
    ‘Enumerator’ is exported by ‘module Data.Enumerator.Internal’ and ‘Enumerator’

lib/Data/Enumerator.hs:63:11: Warning:
    ‘Enumeratee’ is exported by ‘module Data.Enumerator.Internal’ and ‘Enumeratee’

lib/Data/Enumerator.hs:63:11: Warning:
    ‘>>==’ is exported by ‘module Data.Enumerator.Internal’ and ‘(>>==)’

lib/Data/Enumerator.hs:63:11: Warning:
    ‘==<<’ is exported by ‘module Data.Enumerator.Internal’ and ‘(==<<)’

lib/Data/Enumerator.hs:63:11: Warning:
    ‘$$’ is exported by ‘module Data.Enumerator.Internal’ and ‘($$)’

lib/Data/Enumerator.hs:63:11: Warning:
    ‘>==>’ is exported by ‘module Data.Enumerator.Internal’ and ‘(>==>)’

lib/Data/Enumerator.hs:63:11: Warning:
    ‘<==<’ is exported by ‘module Data.Enumerator.Internal’ and ‘(<==<)’
[ 6 of 10] Compiling Data.Enumerator.List ( lib/Data/Enumerator/List.hs, .stack-work/dist/x86_64-linux/Cabal-1.18.1.5/build/Data/Enumerator/List.o )
[ 7 of 10] Compiling Data.Enumerator.Binary ( lib/Data/Enumerator/Binary.hs, .stack-work/dist/x86_64-linux/Cabal-1.18.1.5/build/Data/Enumerator/Binary.o )

lib/Data/Enumerator/Binary.hs:721:25: Warning:
    This binding for ‘eof’ shadows the existing binding
      bound at lib/Data/Enumerator/Binary.hs:716:29

lib/Data/Enumerator/Binary.hs:788:17: Warning:
    This binding for ‘rem’ shadows the existing binding
      imported from ‘Prelude’ at lib/Data/Enumerator/Binary.hs:98:1-92
      (and originally defined in ‘GHC.Real’)
[ 8 of 10] Compiling Data.Enumerator.IO ( lib/Data/Enumerator/IO.hs, .stack-work/dist/x86_64-linux/Cabal-1.18.1.5/build/Data/Enumerator/IO.o )
[ 9 of 10] Compiling Data.Enumerator.Text ( lib/Data/Enumerator/Text.hs, .stack-work/dist/x86_64-linux/Cabal-1.18.1.5/build/Data/Enumerator/Text.o )

lib/Data/Enumerator/Text.hs:744:25: Warning:
    This binding for ‘eof’ shadows the existing binding
      bound at lib/Data/Enumerator/Text.hs:739:29
[10 of 10] Compiling Data.Enumerator.Trans ( lib/Data/Enumerator/Trans.hs, .stack-work/dist/x86_64-linux/Cabal-1.18.1.5/build/Data/Enumerator/Trans.o )
In-place registering enumerator-0.4.20...
Installing library in
/home/johan/.stack/snapshots/x86_64-linux/lts-2.17/7.8.4/lib/x86_64-linux-ghc-7.8.4/enumerator-0.4.20
Registering enumerator-0.4.20...
